Generated at 2017-01-01 13:27:32 -0500
Mixlib::ShellOut::ShellCommandFailed: service[apache] (@recipe_files::/home/ulhas/Desktop/Chef2Demo/chef-repo/cookbooks/apacheDemo/recipes/default.rb line 10) had an error: Mixlib::ShellOut::ShellCommandFailed: Expected process to exit with [0], but received '5'
---- Begin output of /usr/bin/systemctl --system start apache ----
STDOUT: 
STDERR: Failed to start apache.service: Unit not found.
---- End output of /usr/bin/systemctl --system start apache ----
Ran /usr/bin/systemctl --system start apache returned 5
/opt/chefdk/embedded/lib/ruby/gems/2.3.0/gems/mixlib-shellout-2.2.7/lib/mixlib/shellout.rb:289:in `invalid!'
/opt/chefdk/embedded/lib/ruby/gems/2.3.0/gems/mixlib-shellout-2.2.7/lib/mixlib/shellout.rb:276:in `error!'
/opt/chefdk/embedded/lib/ruby/gems/2.3.0/gems/chef-12.17.44/lib/chef/mixin/shell_out.rb:55:in `shell_out_with_systems_locale!'
/opt/chefdk/embedded/lib/ruby/gems/2.3.0/gems/chef-12.17.44/lib/chef/provider/service/systemd.rb:103:in `start_service'
/opt/chefdk/embedded/lib/ruby/gems/2.3.0/gems/chef-12.17.44/lib/chef/provider/service.rb:142:in `block in action_start'
/opt/chefdk/embedded/lib/ruby/gems/2.3.0/gems/chef-12.17.44/lib/chef/mixin/why_run.rb:52:in `add_action'
/opt/chefdk/embedded/lib/ruby/gems/2.3.0/gems/chef-12.17.44/lib/chef/provider.rb:176:in `converge_by'
/opt/chefdk/embedded/lib/ruby/gems/2.3.0/gems/chef-12.17.44/lib/chef/provider/service.rb:141:in `action_start'
/opt/chefdk/embedded/lib/ruby/gems/2.3.0/gems/chef-12.17.44/lib/chef/provider.rb:145:in `run_action'
/opt/chefdk/embedded/lib/ruby/gems/2.3.0/gems/chef-12.17.44/lib/chef/resource.rb:622:in `run_action'
/opt/chefdk/embedded/lib/ruby/gems/2.3.0/gems/chef-12.17.44/lib/chef/runner.rb:69:in `run_action'
/opt/chefdk/embedded/lib/ruby/gems/2.3.0/gems/chef-12.17.44/lib/chef/runner.rb:97:in `block (2 levels) in converge'
/opt/chefdk/embedded/lib/ruby/gems/2.3.0/gems/chef-12.17.44/lib/chef/runner.rb:97:in `each'
/opt/chefdk/embedded/lib/ruby/gems/2.3.0/gems/chef-12.17.44/lib/chef/runner.rb:97:in `block in converge'
/opt/chefdk/embedded/lib/ruby/gems/2.3.0/gems/chef-12.17.44/lib/chef/resource_collection/resource_list.rb:94:in `block in execute_each_resource'
/opt/chefdk/embedded/lib/ruby/gems/2.3.0/gems/chef-12.17.44/lib/chef/resource_collection/stepable_iterator.rb:114:in `call_iterator_block'
/opt/chefdk/embedded/lib/ruby/gems/2.3.0/gems/chef-12.17.44/lib/chef/resource_collection/stepable_iterator.rb:85:in `step'
/opt/chefdk/embedded/lib/ruby/gems/2.3.0/gems/chef-12.17.44/lib/chef/resource_collection/stepable_iterator.rb:103:in `iterate'
/opt/chefdk/embedded/lib/ruby/gems/2.3.0/gems/chef-12.17.44/lib/chef/resource_collection/stepable_iterator.rb:55:in `each_with_index'
/opt/chefdk/embedded/lib/ruby/gems/2.3.0/gems/chef-12.17.44/lib/chef/resource_collection/resource_list.rb:92:in `execute_each_resource'
/opt/chefdk/embedded/lib/ruby/gems/2.3.0/gems/chef-12.17.44/lib/chef/runner.rb:96:in `converge'
/opt/chefdk/embedded/lib/ruby/gems/2.3.0/gems/chef-12.17.44/lib/chef/client.rb:670:in `block in converge'
/opt/chefdk/embedded/lib/ruby/gems/2.3.0/gems/chef-12.17.44/lib/chef/client.rb:665:in `catch'
/opt/chefdk/embedded/lib/ruby/gems/2.3.0/gems/chef-12.17.44/lib/chef/client.rb:665:in `converge'
/opt/chefdk/embedded/lib/ruby/gems/2.3.0/gems/chef-12.17.44/lib/chef/client.rb:704:in `converge_and_save'
/opt/chefdk/embedded/lib/ruby/gems/2.3.0/gems/chef-12.17.44/lib/chef/client.rb:284:in `run'
/opt/chefdk/embedded/lib/ruby/gems/2.3.0/gems/chef-12.17.44/lib/chef/application.rb:294:in `block in fork_chef_client'
/opt/chefdk/embedded/lib/ruby/gems/2.3.0/gems/chef-12.17.44/lib/chef/application.rb:282:in `fork'
/opt/chefdk/embedded/lib/ruby/gems/2.3.0/gems/chef-12.17.44/lib/chef/application.rb:282:in `fork_chef_client'
/opt/chefdk/embedded/lib/ruby/gems/2.3.0/gems/chef-12.17.44/lib/chef/application.rb:247:in `block in run_chef_client'
/opt/chefdk/embedded/lib/ruby/gems/2.3.0/gems/chef-12.17.44/lib/chef/local_mode.rb:44:in `with_server_connectivity'
/opt/chefdk/embedded/lib/ruby/gems/2.3.0/gems/chef-12.17.44/lib/chef/application.rb:235:in `run_chef_client'
/opt/chefdk/embedded/lib/ruby/gems/2.3.0/gems/chef-12.17.44/lib/chef/application/client.rb:464:in `sleep_then_run_chef_client'
/opt/chefdk/embedded/lib/ruby/gems/2.3.0/gems/chef-12.17.44/lib/chef/application/client.rb:451:in `block in interval_run_chef_client'
/opt/chefdk/embedded/lib/ruby/gems/2.3.0/gems/chef-12.17.44/lib/chef/application/client.rb:450:in `loop'
/opt/chefdk/embedded/lib/ruby/gems/2.3.0/gems/chef-12.17.44/lib/chef/application/client.rb:450:in `interval_run_chef_client'
/opt/chefdk/embedded/lib/ruby/gems/2.3.0/gems/chef-12.17.44/lib/chef/application/client.rb:434:in `run_application'
/opt/chefdk/embedded/lib/ruby/gems/2.3.0/gems/chef-12.17.44/lib/chef/application.rb:59:in `run'
/opt/chefdk/embedded/lib/ruby/gems/2.3.0/gems/chef-12.17.44/bin/chef-client:26:in `<top (required)>'
/usr/bin/chef-client:58:in `load'
/usr/bin/chef-client:58:in `<main>'

>>>> Caused by Mixlib::ShellOut::ShellCommandFailed: Expected process to exit with [0], but received '5'
---- Begin output of /usr/bin/systemctl --system start apache ----
STDOUT: 
STDERR: Failed to start apache.service: Unit not found.
---- End output of /usr/bin/systemctl --system start apache ----
Ran /usr/bin/systemctl --system start apache returned 5
/opt/chefdk/embedded/lib/ruby/gems/2.3.0/gems/mixlib-shellout-2.2.7/lib/mixlib/shellout.rb:289:in `invalid!'
/opt/chefdk/embedded/lib/ruby/gems/2.3.0/gems/mixlib-shellout-2.2.7/lib/mixlib/shellout.rb:276:in `error!'
/opt/chefdk/embedded/lib/ruby/gems/2.3.0/gems/chef-12.17.44/lib/chef/mixin/shell_out.rb:55:in `shell_out_with_systems_locale!'
/opt/chefdk/embedded/lib/ruby/gems/2.3.0/gems/chef-12.17.44/lib/chef/provider/service/systemd.rb:103:in `start_service'
/opt/chefdk/embedded/lib/ruby/gems/2.3.0/gems/chef-12.17.44/lib/chef/provider/service.rb:142:in `block in action_start'
/opt/chefdk/embedded/lib/ruby/gems/2.3.0/gems/chef-12.17.44/lib/chef/mixin/why_run.rb:52:in `add_action'
/opt/chefdk/embedded/lib/ruby/gems/2.3.0/gems/chef-12.17.44/lib/chef/provider.rb:176:in `converge_by'
/opt/chefdk/embedded/lib/ruby/gems/2.3.0/gems/chef-12.17.44/lib/chef/provider/service.rb:141:in `action_start'
/opt/chefdk/embedded/lib/ruby/gems/2.3.0/gems/chef-12.17.44/lib/chef/provider.rb:145:in `run_action'
/opt/chefdk/embedded/lib/ruby/gems/2.3.0/gems/chef-12.17.44/lib/chef/resource.rb:622:in `run_action'
/opt/chefdk/embedded/lib/ruby/gems/2.3.0/gems/chef-12.17.44/lib/chef/runner.rb:69:in `run_action'
/opt/chefdk/embedded/lib/ruby/gems/2.3.0/gems/chef-12.17.44/lib/chef/runner.rb:97:in `block (2 levels) in converge'
/opt/chefdk/embedded/lib/ruby/gems/2.3.0/gems/chef-12.17.44/lib/chef/runner.rb:97:in `each'
/opt/chefdk/embedded/lib/ruby/gems/2.3.0/gems/chef-12.17.44/lib/chef/runner.rb:97:in `block in converge'
/opt/chefdk/embedded/lib/ruby/gems/2.3.0/gems/chef-12.17.44/lib/chef/resource_collection/resource_list.rb:94:in `block in execute_each_resource'
/opt/chefdk/embedded/lib/ruby/gems/2.3.0/gems/chef-12.17.44/lib/chef/resource_collection/stepable_iterator.rb:114:in `call_iterator_block'
/opt/chefdk/embedded/lib/ruby/gems/2.3.0/gems/chef-12.17.44/lib/chef/resource_collection/stepable_iterator.rb:85:in `step'
/opt/chefdk/embedded/lib/ruby/gems/2.3.0/gems/chef-12.17.44/lib/chef/resource_collection/stepable_iterator.rb:103:in `iterate'
/opt/chefdk/embedded/lib/ruby/gems/2.3.0/gems/chef-12.17.44/lib/chef/resource_collection/stepable_iterator.rb:55:in `each_with_index'
/opt/chefdk/embedded/lib/ruby/gems/2.3.0/gems/chef-12.17.44/lib/chef/resource_collection/resource_list.rb:92:in `execute_each_resource'
/opt/chefdk/embedded/lib/ruby/gems/2.3.0/gems/chef-12.17.44/lib/chef/runner.rb:96:in `converge'
/opt/chefdk/embedded/lib/ruby/gems/2.3.0/gems/chef-12.17.44/lib/chef/client.rb:670:in `block in converge'
/opt/chefdk/embedded/lib/ruby/gems/2.3.0/gems/chef-12.17.44/lib/chef/client.rb:665:in `catch'
/opt/chefdk/embedded/lib/ruby/gems/2.3.0/gems/chef-12.17.44/lib/chef/client.rb:665:in `converge'
/opt/chefdk/embedded/lib/ruby/gems/2.3.0/gems/chef-12.17.44/lib/chef/client.rb:704:in `converge_and_save'
/opt/chefdk/embedded/lib/ruby/gems/2.3.0/gems/chef-12.17.44/lib/chef/client.rb:284:in `run'
/opt/chefdk/embedded/lib/ruby/gems/2.3.0/gems/chef-12.17.44/lib/chef/application.rb:294:in `block in fork_chef_client'
/opt/chefdk/embedded/lib/ruby/gems/2.3.0/gems/chef-12.17.44/lib/chef/application.rb:282:in `fork'
/opt/chefdk/embedded/lib/ruby/gems/2.3.0/gems/chef-12.17.44/lib/chef/application.rb:282:in `fork_chef_client'
/opt/chefdk/embedded/lib/ruby/gems/2.3.0/gems/chef-12.17.44/lib/chef/application.rb:247:in `block in run_chef_client'
/opt/chefdk/embedded/lib/ruby/gems/2.3.0/gems/chef-12.17.44/lib/chef/local_mode.rb:44:in `with_server_connectivity'
/opt/chefdk/embedded/lib/ruby/gems/2.3.0/gems/chef-12.17.44/lib/chef/application.rb:235:in `run_chef_client'
/opt/chefdk/embedded/lib/ruby/gems/2.3.0/gems/chef-12.17.44/lib/chef/application/client.rb:464:in `sleep_then_run_chef_client'
/opt/chefdk/embedded/lib/ruby/gems/2.3.0/gems/chef-12.17.44/lib/chef/application/client.rb:451:in `block in interval_run_chef_client'
/opt/chefdk/embedded/lib/ruby/gems/2.3.0/gems/chef-12.17.44/lib/chef/application/client.rb:450:in `loop'
/opt/chefdk/embedded/lib/ruby/gems/2.3.0/gems/chef-12.17.44/lib/chef/application/client.rb:450:in `interval_run_chef_client'
/opt/chefdk/embedded/lib/ruby/gems/2.3.0/gems/chef-12.17.44/lib/chef/application/client.rb:434:in `run_application'
/opt/chefdk/embedded/lib/ruby/gems/2.3.0/gems/chef-12.17.44/lib/chef/application.rb:59:in `run'
/opt/chefdk/embedded/lib/ruby/gems/2.3.0/gems/chef-12.17.44/bin/chef-client:26:in `<top (required)>'
/usr/bin/chef-client:58:in `load'
/usr/bin/chef-client:58:in `<main>'